<?xml version="1.0" encoding="UTF-8"?>
<testng-results skipped="0" failed="0" ignored="0" total="1" passed="1">
  <reporter-output>
  </reporter-output>
  <suite name="Default suite" duration-ms="6667" started-at="2022-05-13T10:26:12 IST" finished-at="2022-05-13T10:26:19 IST">
    <groups>
    </groups>
    <test name="Default test" duration-ms="6667" started-at="2022-05-13T10:26:12 IST" finished-at="2022-05-13T10:26:19 IST">
      <class name="authentication.BearerAuthentication">
        <test-method status="PASS" signature="bearerAuth()[pri:0, instance:authentication.BearerAuthentication@3712b94]" name="bearerAuth" duration-ms="6564" started-at="2022-05-13T10:26:12 IST" finished-at="2022-05-13T10:26:19 IST">
          <reporter-output>
          </reporter-output>
        </test-method> <!-- bearerAuth -->
      </class> <!-- authentication.BearerAuthentication -->
    </test> <!-- Default test -->
  </suite> <!-- Default suite -->
</testng-results>
